{"/Users/leebyeongwoon/WebstormProjects/onboarding/src/sideEffect/LoopToPure.ts": {"path":"/Users/leebyeongwoon/WebstormProjects/onboarding/src/sideEffect/LoopToPure.ts","all":false,"statementMap":{"0":{"start":{"line":1,"column":0},"end":{"line":1,"column":72}},"1":{"start":{"line":2,"column":0},"end":{"line":2,"column":22}},"2":{"start":{"line":3,"column":0},"end":{"line":3,"column":17}},"3":{"start":{"line":4,"column":0},"end":{"line":4,"column":12}},"4":{"start":{"line":5,"column":0},"end":{"line":5,"column":50}},"5":{"start":{"line":6,"column":0},"end":{"line":6,"column":5}},"6":{"start":{"line":7,"column":0},"end":{"line":7,"column":1}}},"s":{"0":11,"1":11,"2":4,"3":11,"4":7,"5":7,"6":11},"branchMap":{"0":{"type":"branch","line":1,"loc":{"start":{"line":1,"column":0},"end":{"line":7,"column":1}},"locations":[{"start":{"line":1,"column":0},"end":{"line":7,"column":1}}]},"1":{"type":"branch","line":2,"loc":{"start":{"line":2,"column":21},"end":{"line":4,"column":5}},"locations":[{"start":{"line":2,"column":21},"end":{"line":4,"column":5}}]},"2":{"type":"branch","line":4,"loc":{"start":{"line":4,"column":5},"end":{"line":6,"column":5}},"locations":[{"start":{"line":4,"column":5},"end":{"line":6,"column":5}}]}},"b":{"0":[11],"1":[4],"2":[7]},"fnMap":{"0":{"name":"LoopToPure","decl":{"start":{"line":1,"column":0},"end":{"line":7,"column":1}},"loc":{"start":{"line":1,"column":0},"end":{"line":7,"column":1}},"line":1}},"f":{"0":11}}
}
